2017-10-30 14:51:14 ERROR com.qtfx.platform.action.ActionSynchronizeInstruments - Catching
java.lang.IllegalStateException: Not on FX application thread; currentThread = Thread-5
	at com.sun.javafx.tk.Toolkit.checkFxUserThread(Toolkit.java:236) ~[jfxrt.jar:?]
	at com.sun.javafx.tk.quantum.QuantumToolkit.checkFxUserThread(QuantumToolkit.java:423) ~[jfxrt.jar:?]
	at javafx.scene.Parent$2.onProposedChange(Parent.java:367) ~[jfxrt.jar:?]
	at com.sun.javafx.collections.VetoableListDecorator.add(VetoableListDecorator.java:206) ~[jfxrt.jar:?]
	at com.qtfx.library.gui.StatusBar.setLabel(StatusBar.java:81) ~[classes/:?]
	at com.qtfx.library.gui.StatusBar.setStatus(StatusBar.java:149) ~[classes/:?]
	at com.qtfx.platform.action.ActionSynchronizeInstruments$Synchronizer.run(ActionSynchronizeInstruments.java:54) [classes/:?]
	at java.lang.Thread.run(Thread.java:748) [?:1.8.0_144]
2017-10-30 14:55:30 ERROR com.qtfx.platform.action.ActionSynchronizeInstruments - Catching
java.lang.IllegalStateException: Not on FX application thread; currentThread = Thread-6
	at com.sun.javafx.tk.Toolkit.checkFxUserThread(Toolkit.java:236) ~[jfxrt.jar:?]
	at com.sun.javafx.tk.quantum.QuantumToolkit.checkFxUserThread(QuantumToolkit.java:423) ~[jfxrt.jar:?]
	at javafx.scene.Parent$2.onProposedChange(Parent.java:367) ~[jfxrt.jar:?]
	at com.sun.javafx.collections.VetoableListDecorator.add(VetoableListDecorator.java:206) ~[jfxrt.jar:?]
	at com.qtfx.library.gui.StatusBar.setLabel(StatusBar.java:81) ~[classes/:?]
	at com.qtfx.library.gui.StatusBar.setStatus(StatusBar.java:149) ~[classes/:?]
	at com.qtfx.platform.action.ActionSynchronizeInstruments$Synchronizer.run(ActionSynchronizeInstruments.java:54) [classes/:?]
	at java.lang.Thread.run(Thread.java:748) [?:1.8.0_144]
2017-10-30 14:59:42 ERROR com.dukascopy.api.instrument.InstrumentParser - Received pip value is different than embedded for instrument [USD/CZK]
2017-10-30 14:59:57 ERROR com.qtfx.library.mkt.server.servers.dukascopy.DkConnectionManager - Failed to connect Dukascopy servers
2017-10-30 15:02:00 ERROR com.dukascopy.api.instrument.InstrumentParser - Received pip value is different than embedded for instrument [USD/CZK]
2017-10-30 15:02:14 ERROR com.qtfx.library.mkt.server.servers.dukascopy.DkConnectionManager - Failed to connect Dukascopy servers
2017-10-30 15:02:14 ERROR com.qtfx.platform.action.ActionSynchronizeInstruments - Catching
java.lang.IllegalStateException: Not connected
	at com.dukascopy.api.impl.connect.DCClientImpl.startJFRunnable(DCClientImpl.java:1249) ~[greed-common-318.4.30.jar:318.4.30]
	at com.dukascopy.api.impl.connect.DCClientImpl.startStrategy(DCClientImpl.java:1221) ~[greed-common-318.4.30.jar:318.4.30]
	at com.qtfx.library.mkt.server.servers.dukascopy.DkConnectionManager.connect(DkConnectionManager.java:108) ~[classes/:?]
	at com.qtfx.platform.ServerConnector.connect(ServerConnector.java:29) ~[classes/:?]
	at com.qtfx.platform.action.ActionSynchronizeInstruments$Synchronizer.run(ActionSynchronizeInstruments.java:55) [classes/:?]
	at java.lang.Thread.run(Thread.java:748) [?:1.8.0_144]
2017-10-30 15:03:59 ERROR com.dukascopy.api.instrument.InstrumentParser - Received pip value is different than embedded for instrument [USD/CZK]
2017-10-30 15:04:14 ERROR com.qtfx.library.mkt.server.servers.dukascopy.DkConnectionManager - Failed to connect Dukascopy servers
2017-10-30 15:04:14 ERROR com.qtfx.platform.action.ActionSynchronizeInstruments - Catching
java.lang.IllegalStateException: Not connected
	at com.dukascopy.api.impl.connect.DCClientImpl.startJFRunnable(DCClientImpl.java:1249) ~[greed-common-318.4.30.jar:318.4.30]
	at com.dukascopy.api.impl.connect.DCClientImpl.startStrategy(DCClientImpl.java:1221) ~[greed-common-318.4.30.jar:318.4.30]
	at com.qtfx.library.mkt.server.servers.dukascopy.DkConnectionManager.connect(DkConnectionManager.java:108) ~[classes/:?]
	at com.qtfx.platform.ServerConnector.connect(ServerConnector.java:29) ~[classes/:?]
	at com.qtfx.platform.action.ActionSynchronizeInstruments$Synchronizer.run(ActionSynchronizeInstruments.java:55) [classes/:?]
	at java.lang.Thread.run(Thread.java:748) [?:1.8.0_144]
2017-10-30 15:04:53 ERROR com.dukascopy.api.instrument.InstrumentParser - Received pip value is different than embedded for instrument [USD/CZK]
2017-10-30 15:05:06 ERROR com.qtfx.library.mkt.server.servers.dukascopy.DkConnectionManager - Failed to connect Dukascopy servers
2017-10-30 15:05:06 ERROR com.qtfx.platform.action.ActionSynchronizeInstruments - Catching
java.lang.IllegalStateException: Not connected
	at com.dukascopy.api.impl.connect.DCClientImpl.startJFRunnable(DCClientImpl.java:1249) ~[greed-common-318.4.30.jar:318.4.30]
	at com.dukascopy.api.impl.connect.DCClientImpl.startStrategy(DCClientImpl.java:1221) ~[greed-common-318.4.30.jar:318.4.30]
	at com.qtfx.library.mkt.server.servers.dukascopy.DkConnectionManager.connect(DkConnectionManager.java:108) ~[classes/:?]
	at com.qtfx.platform.ServerConnector.connect(ServerConnector.java:29) ~[classes/:?]
	at com.qtfx.platform.action.ActionSynchronizeInstruments$Synchronizer.run(ActionSynchronizeInstruments.java:55) [classes/:?]
	at java.lang.Thread.run(Thread.java:748) [?:1.8.0_144]
