2017-12-19 12:16:12 ERROR com.qtfx.plaf.QTFX - Catching
java.lang.NullPointerException: null
	at com.qtfx.lib.db.FieldList.getFieldIndex(FieldList.java:206) ~[classes/:?]
	at com.qtfx.lib.db.Record.setValue(Record.java:260) ~[classes/:?]
	at com.qtfx.plaf.db.Records.getRecordPeriod(Records.java:67) ~[classes/:?]
	at com.qtfx.plaf.QTFX.synchronizeStandardPeriods(QTFX.java:384) ~[classes/:?]
	at com.qtfx.plaf.QTFX.configureDatabase(QTFX.java:352) ~[classes/:?]
	at com.qtfx.plaf.QTFX.start(QTFX.java:197) ~[classes/:?]
	at com.sun.javafx.application.LauncherImpl.lambda$launchApplication1$162(LauncherImpl.java:863) ~[jfxrt.jar:?]
	at com.sun.javafx.application.PlatformImpl.lambda$runAndWait$175(PlatformImpl.java:326) ~[jfxrt.jar:?]
	at com.sun.javafx.application.PlatformImpl.lambda$null$173(PlatformImpl.java:295) ~[jfxrt.jar:?]
	at java.security.AccessController.doPrivileged(Native Method) ~[?:1.8.0_144]
	at com.sun.javafx.application.PlatformImpl.lambda$runLater$174(PlatformImpl.java:294) ~[jfxrt.jar:?]
	at com.sun.glass.ui.InvokeLaterDispatcher$Future.run(InvokeLaterDispatcher.java:95) ~[jfxrt.jar:?]
	at com.sun.glass.ui.win.WinApplication._runLoop(Native Method) ~[jfxrt.jar:?]
	at com.sun.glass.ui.win.WinApplication.lambda$null$148(WinApplication.java:191) ~[jfxrt.jar:?]
	at java.lang.Thread.run(Thread.java:748) [?:1.8.0_144]
2017-12-19 12:16:20 ERROR com.qtfx.plaf.QTFX - Catching
java.lang.NullPointerException: null
	at com.qtfx.lib.db.FieldList.getFieldIndex(FieldList.java:206) ~[classes/:?]
	at com.qtfx.lib.db.Record.setValue(Record.java:260) ~[classes/:?]
	at com.qtfx.plaf.db.Records.getRecordPeriod(Records.java:67) ~[classes/:?]
	at com.qtfx.plaf.QTFX.synchronizeStandardPeriods(QTFX.java:384) ~[classes/:?]
	at com.qtfx.plaf.QTFX.configureDatabase(QTFX.java:352) ~[classes/:?]
	at com.qtfx.plaf.QTFX.start(QTFX.java:197) ~[classes/:?]
	at com.sun.javafx.application.LauncherImpl.lambda$launchApplication1$162(LauncherImpl.java:863) ~[jfxrt.jar:?]
	at com.sun.javafx.application.PlatformImpl.lambda$runAndWait$175(PlatformImpl.java:326) ~[jfxrt.jar:?]
	at com.sun.javafx.application.PlatformImpl.lambda$null$173(PlatformImpl.java:295) ~[jfxrt.jar:?]
	at java.security.AccessController.doPrivileged(Native Method) ~[?:1.8.0_144]
	at com.sun.javafx.application.PlatformImpl.lambda$runLater$174(PlatformImpl.java:294) ~[jfxrt.jar:?]
	at com.sun.glass.ui.InvokeLaterDispatcher$Future.run(InvokeLaterDispatcher.java:95) ~[jfxrt.jar:?]
	at com.sun.glass.ui.win.WinApplication._runLoop(Native Method) ~[jfxrt.jar:?]
	at com.sun.glass.ui.win.WinApplication.lambda$null$148(WinApplication.java:191) ~[jfxrt.jar:?]
	at java.lang.Thread.run(Thread.java:748) [?:1.8.0_144]
2017-12-19 12:16:38 ERROR com.qtfx.plaf.QTFX - Catching
java.lang.NullPointerException: null
	at com.qtfx.lib.db.FieldList.getFieldIndex(FieldList.java:206) ~[classes/:?]
	at com.qtfx.lib.db.Record.setValue(Record.java:260) ~[classes/:?]
	at com.qtfx.plaf.db.Records.getRecordPeriod(Records.java:67) ~[classes/:?]
	at com.qtfx.plaf.QTFX.synchronizeStandardPeriods(QTFX.java:384) ~[classes/:?]
	at com.qtfx.plaf.QTFX.configureDatabase(QTFX.java:352) ~[classes/:?]
	at com.qtfx.plaf.QTFX.start(QTFX.java:197) ~[classes/:?]
	at com.sun.javafx.application.LauncherImpl.lambda$launchApplication1$162(LauncherImpl.java:863) ~[jfxrt.jar:?]
	at com.sun.javafx.application.PlatformImpl.lambda$runAndWait$175(PlatformImpl.java:326) ~[jfxrt.jar:?]
	at com.sun.javafx.application.PlatformImpl.lambda$null$173(PlatformImpl.java:295) ~[jfxrt.jar:?]
	at java.security.AccessController.doPrivileged(Native Method) ~[?:1.8.0_144]
	at com.sun.javafx.application.PlatformImpl.lambda$runLater$174(PlatformImpl.java:294) ~[jfxrt.jar:?]
	at com.sun.glass.ui.InvokeLaterDispatcher$Future.run(InvokeLaterDispatcher.java:95) ~[jfxrt.jar:?]
	at com.sun.glass.ui.win.WinApplication._runLoop(Native Method) ~[jfxrt.jar:?]
	at com.sun.glass.ui.win.WinApplication.lambda$null$148(WinApplication.java:191) ~[jfxrt.jar:?]
	at java.lang.Thread.run(Thread.java:748) [?:1.8.0_144]
2017-12-19 12:16:59 ERROR com.qtfx.plaf.QTFX - Catching
java.lang.NullPointerException: null
	at com.qtfx.lib.db.FieldList.getFieldIndex(FieldList.java:206) ~[classes/:?]
	at com.qtfx.lib.db.Record.setValue(Record.java:260) ~[classes/:?]
	at com.qtfx.plaf.db.Records.getRecordPeriod(Records.java:67) ~[classes/:?]
	at com.qtfx.plaf.QTFX.synchronizeStandardPeriods(QTFX.java:384) ~[classes/:?]
	at com.qtfx.plaf.QTFX.configureDatabase(QTFX.java:352) ~[classes/:?]
	at com.qtfx.plaf.QTFX.start(QTFX.java:197) ~[classes/:?]
	at com.sun.javafx.application.LauncherImpl.lambda$launchApplication1$162(LauncherImpl.java:863) ~[jfxrt.jar:?]
	at com.sun.javafx.application.PlatformImpl.lambda$runAndWait$175(PlatformImpl.java:326) ~[jfxrt.jar:?]
	at com.sun.javafx.application.PlatformImpl.lambda$null$173(PlatformImpl.java:295) ~[jfxrt.jar:?]
	at java.security.AccessController.doPrivileged(Native Method) ~[?:1.8.0_144]
	at com.sun.javafx.application.PlatformImpl.lambda$runLater$174(PlatformImpl.java:294) ~[jfxrt.jar:?]
	at com.sun.glass.ui.InvokeLaterDispatcher$Future.run(InvokeLaterDispatcher.java:95) ~[jfxrt.jar:?]
	at com.sun.glass.ui.win.WinApplication._runLoop(Native Method) ~[jfxrt.jar:?]
	at com.sun.glass.ui.win.WinApplication.lambda$null$148(WinApplication.java:191) ~[jfxrt.jar:?]
	at java.lang.Thread.run(Thread.java:748) [?:1.8.0_144]
2017-12-19 12:17:43 ERROR com.qtfx.plaf.QTFX - Catching
java.lang.NullPointerException: null
	at com.qtfx.lib.db.FieldList.getFieldIndex(FieldList.java:206) ~[classes/:?]
	at com.qtfx.lib.db.Record.setValue(Record.java:260) ~[classes/:?]
	at com.qtfx.plaf.db.Records.getRecordPeriod(Records.java:67) ~[classes/:?]
	at com.qtfx.plaf.QTFX.synchronizeStandardPeriods(QTFX.java:384) ~[classes/:?]
	at com.qtfx.plaf.QTFX.configureDatabase(QTFX.java:352) ~[classes/:?]
	at com.qtfx.plaf.QTFX.start(QTFX.java:197) ~[classes/:?]
	at com.sun.javafx.application.LauncherImpl.lambda$launchApplication1$162(LauncherImpl.java:863) ~[jfxrt.jar:?]
	at com.sun.javafx.application.PlatformImpl.lambda$runAndWait$175(PlatformImpl.java:326) ~[jfxrt.jar:?]
	at com.sun.javafx.application.PlatformImpl.lambda$null$173(PlatformImpl.java:295) ~[jfxrt.jar:?]
	at java.security.AccessController.doPrivileged(Native Method) ~[?:1.8.0_144]
	at com.sun.javafx.application.PlatformImpl.lambda$runLater$174(PlatformImpl.java:294) ~[jfxrt.jar:?]
	at com.sun.glass.ui.InvokeLaterDispatcher$Future.run(InvokeLaterDispatcher.java:95) ~[jfxrt.jar:?]
	at com.sun.glass.ui.win.WinApplication._runLoop(Native Method) ~[jfxrt.jar:?]
	at com.sun.glass.ui.win.WinApplication.lambda$null$148(WinApplication.java:191) ~[jfxrt.jar:?]
	at java.lang.Thread.run(Thread.java:748) [?:1.8.0_144]
2017-12-19 12:18:00 ERROR com.qtfx.plaf.QTFX - Catching
java.lang.NullPointerException: null
	at com.qtfx.lib.db.FieldList.getFieldIndex(FieldList.java:206) ~[classes/:?]
	at com.qtfx.lib.db.Record.setValue(Record.java:260) ~[classes/:?]
	at com.qtfx.plaf.db.Records.getRecordPeriod(Records.java:67) ~[classes/:?]
	at com.qtfx.plaf.QTFX.synchronizeStandardPeriods(QTFX.java:384) ~[classes/:?]
	at com.qtfx.plaf.QTFX.configureDatabase(QTFX.java:352) ~[classes/:?]
	at com.qtfx.plaf.QTFX.start(QTFX.java:197) ~[classes/:?]
	at com.sun.javafx.application.LauncherImpl.lambda$launchApplication1$162(LauncherImpl.java:863) ~[jfxrt.jar:?]
	at com.sun.javafx.application.PlatformImpl.lambda$runAndWait$175(PlatformImpl.java:326) ~[jfxrt.jar:?]
	at com.sun.javafx.application.PlatformImpl.lambda$null$173(PlatformImpl.java:295) ~[jfxrt.jar:?]
	at java.security.AccessController.doPrivileged(Native Method) ~[?:1.8.0_144]
	at com.sun.javafx.application.PlatformImpl.lambda$runLater$174(PlatformImpl.java:294) ~[jfxrt.jar:?]
	at com.sun.glass.ui.InvokeLaterDispatcher$Future.run(InvokeLaterDispatcher.java:95) ~[jfxrt.jar:?]
	at com.sun.glass.ui.win.WinApplication._runLoop(Native Method) ~[jfxrt.jar:?]
	at com.sun.glass.ui.win.WinApplication.lambda$null$148(WinApplication.java:191) ~[jfxrt.jar:?]
	at java.lang.Thread.run(Thread.java:748) [?:1.8.0_144]
2017-12-19 12:19:03 ERROR com.qtfx.plaf.QTFX - Catching
java.lang.NullPointerException: null
	at com.qtfx.lib.db.FieldList.getFieldIndex(FieldList.java:206) ~[classes/:?]
	at com.qtfx.lib.db.Record.setValue(Record.java:260) ~[classes/:?]
	at com.qtfx.plaf.db.Records.getRecordPeriod(Records.java:67) ~[classes/:?]
	at com.qtfx.plaf.QTFX.synchronizeStandardPeriods(QTFX.java:384) ~[classes/:?]
	at com.qtfx.plaf.QTFX.configureDatabase(QTFX.java:352) ~[classes/:?]
	at com.qtfx.plaf.QTFX.start(QTFX.java:197) ~[classes/:?]
	at com.sun.javafx.application.LauncherImpl.lambda$launchApplication1$162(LauncherImpl.java:863) ~[jfxrt.jar:?]
	at com.sun.javafx.application.PlatformImpl.lambda$runAndWait$175(PlatformImpl.java:326) ~[jfxrt.jar:?]
	at com.sun.javafx.application.PlatformImpl.lambda$null$173(PlatformImpl.java:295) ~[jfxrt.jar:?]
	at java.security.AccessController.doPrivileged(Native Method) ~[?:1.8.0_144]
	at com.sun.javafx.application.PlatformImpl.lambda$runLater$174(PlatformImpl.java:294) ~[jfxrt.jar:?]
	at com.sun.glass.ui.InvokeLaterDispatcher$Future.run(InvokeLaterDispatcher.java:95) ~[jfxrt.jar:?]
	at com.sun.glass.ui.win.WinApplication._runLoop(Native Method) ~[jfxrt.jar:?]
	at com.sun.glass.ui.win.WinApplication.lambda$null$148(WinApplication.java:191) ~[jfxrt.jar:?]
	at java.lang.Thread.run(Thread.java:748) [?:1.8.0_144]
