2017-12-14 15:14:03 ERROR com.dukascopy.api.instrument.InstrumentParser - Received pip value is different than embedded for instrument [USD/CZK]
2017-12-14 15:14:06 ERROR com.dukascopy.dds2.greed.market.LiveCurrencyMarketProcessor - Cannot create the LiveCurrencyMarketProcessor, the properties is null.
2017-12-14 15:23:02 ERROR com.dukascopy.api.instrument.InstrumentParser - Received pip value is different than embedded for instrument [USD/CZK]
2017-12-14 15:23:05 ERROR com.dukascopy.dds2.greed.market.LiveCurrencyMarketProcessor - Cannot create the LiveCurrencyMarketProcessor, the properties is null.
2017-12-14 15:25:19 ERROR com.dukascopy.api.instrument.InstrumentParser - Received pip value is different than embedded for instrument [USD/CZK]
2017-12-14 15:25:21 ERROR com.dukascopy.dds2.greed.market.LiveCurrencyMarketProcessor - Cannot create the LiveCurrencyMarketProcessor, the properties is null.
2017-12-14 15:31:22 ERROR com.dukascopy.api.instrument.InstrumentParser - Received pip value is different than embedded for instrument [USD/CZK]
2017-12-14 15:31:24 ERROR com.dukascopy.dds2.greed.market.LiveCurrencyMarketProcessor - Cannot create the LiveCurrencyMarketProcessor, the properties is null.
2017-12-14 15:31:27 ERROR com.dukascopy.api.impl.connect.DCClientImpl$DefaultStrategyExceptionHandler - Exception thrown while running onStart method: Tick period is not supported for bar feed listeners
java.lang.IllegalArgumentException: Tick period is not supported for bar feed listeners
	at com.dukascopy.dds2.greed.agent.strategy.notification.AbstractStrategyRateDataNotificationManager.subscribeToBarsFeed(AbstractStrategyRateDataNotificationManager.java:153) ~[greed-common-318.4.30.jar:318.4.30]
	at com.dukascopy.dds2.greed.agent.strategy.notification.AbstractStrategyRateDataNotificationManager.subscribeToLiveBarsFeed(AbstractStrategyRateDataNotificationManager.java:267) ~[greed-common-318.4.30.jar:318.4.30]
	at com.dukascopy.api.impl.connect.JForexContextImpl$5.run(JForexContextImpl.java:438) ~[greed-common-318.4.30.jar:318.4.30]
	at java.security.AccessController.doPrivileged(Native Method) ~[?:1.8.0_144]
	at com.dukascopy.api.impl.connect.JForexContextImpl.subscribeToBarsFeed(JForexContextImpl.java:435) ~[greed-common-318.4.30.jar:318.4.30]
	at com.qtfx.mkt.TestDukascopy$Strategy.onStart(TestDukascopy.java:88) ~[test-classes/:?]
	at com.dukascopy.api.impl.execution.TaskStart.call(TaskStart.java:27) ~[greed-common-318.4.30.jar:318.4.30]
	at com.dukascopy.api.impl.execution.TaskStart.call(TaskStart.java:13) ~[greed-common-318.4.30.jar:318.4.30]
	at com.dukascopy.api.impl.connect.JFRunnableProcessor.onStart(JFRunnableProcessor.java:140) [greed-common-318.4.30.jar:318.4.30]
	at com.dukascopy.api.impl.connect.JForexTaskManager$1.call(JForexTaskManager.java:706) [greed-common-318.4.30.jar:318.4.30]
	at com.dukascopy.api.impl.connect.JForexTaskManager$1.call(JForexTaskManager.java:668) [greed-common-318.4.30.jar:318.4.30]
	at com.dukascopy.api.impl.execution.TaskCustom.call(TaskCustom.java:34) [greed-common-318.4.30.jar:318.4.30]
	at java.util.concurrent.FutureTask.run(FutureTask.java:266) [?:1.8.0_144]
	at com.dukascopy.api.impl.execution.ScienceThreadPoolExecutor$Worker.runTask(ScienceThreadPoolExecutor.java:904) [greed-common-318.4.30.jar:318.4.30]
	at com.dukascopy.api.impl.execution.ScienceThreadPoolExecutor$Worker.run(ScienceThreadPoolExecutor.java:926) [greed-common-318.4.30.jar:318.4.30]
	at java.lang.Thread.run(Thread.java:748) [?:1.8.0_144]
2017-12-14 15:31:56 ERROR com.dukascopy.api.instrument.InstrumentParser - Received pip value is different than embedded for instrument [USD/CZK]
2017-12-14 15:31:59 ERROR com.dukascopy.dds2.greed.market.LiveCurrencyMarketProcessor - Cannot create the LiveCurrencyMarketProcessor, the properties is null.
2017-12-14 15:32:42 ERROR com.dukascopy.api.instrument.InstrumentParser - Received pip value is different than embedded for instrument [USD/CZK]
2017-12-14 15:32:47 ERROR com.dukascopy.dds2.greed.market.LiveCurrencyMarketProcessor - Cannot create the LiveCurrencyMarketProcessor, the properties is null.
2017-12-14 15:45:19 ERROR com.dukascopy.api.instrument.InstrumentParser - Received pip value is different than embedded for instrument [USD/CZK]
2017-12-14 15:45:21 ERROR com.dukascopy.dds2.greed.market.LiveCurrencyMarketProcessor - Cannot create the LiveCurrencyMarketProcessor, the properties is null.
2017-12-14 15:49:38 ERROR com.dukascopy.api.instrument.InstrumentParser - Received pip value is different than embedded for instrument [USD/CZK]
2017-12-14 15:49:41 ERROR com.dukascopy.dds2.greed.market.LiveCurrencyMarketProcessor - Cannot create the LiveCurrencyMarketProcessor, the properties is null.
2017-12-14 15:51:12 ERROR com.dukascopy.api.instrument.InstrumentParser - Received pip value is different than embedded for instrument [USD/CZK]
2017-12-14 15:51:14 ERROR com.dukascopy.dds2.greed.market.LiveCurrencyMarketProcessor - Cannot create the LiveCurrencyMarketProcessor, the properties is null.
