2017-12-17 09:33:50 ERROR com.dukascopy.api.instrument.InstrumentParser - Received pip value is different than embedded for instrument [USD/CZK]
2017-12-17 09:33:53 ERROR com.dukascopy.dds2.greed.market.LiveCurrencyMarketProcessor - Cannot create the LiveCurrencyMarketProcessor, the properties is null.
2017-12-17 09:33:56 ERROR com.qtfx.lib.mkt.servers.dukascopy.DkHistoryManager - Catching
com.dukascopy.api.JFException: Instrument [EUR/USD] is not subscribed
	at com.dukascopy.api.impl.History.getBars(History.java:913) ~[greed-common-318.4.30.jar:318.4.30]
	at com.qtfx.lib.mkt.servers.dukascopy.DkHistoryManager.getDataList(DkHistoryManager.java:108) [classes/:?]
	at com.qtfx.mkt.TestDukascopy.Test(TestDukascopy.java:93) [test-classes/:?]
	at com.qtfx.mkt.TestDukascopy.main(TestDukascopy.java:68) [test-classes/:?]
2017-12-17 09:35:23 ERROR com.dukascopy.api.instrument.InstrumentParser - Received pip value is different than embedded for instrument [USD/CZK]
2017-12-17 09:35:25 ERROR com.dukascopy.dds2.greed.market.LiveCurrencyMarketProcessor - Cannot create the LiveCurrencyMarketProcessor, the properties is null.
2017-12-17 09:37:41 ERROR com.dukascopy.api.instrument.InstrumentParser - Received pip value is different than embedded for instrument [USD/CZK]
2017-12-17 09:37:43 ERROR com.dukascopy.dds2.greed.market.LiveCurrencyMarketProcessor - Cannot create the LiveCurrencyMarketProcessor, the properties is null.
2017-12-17 09:39:28 ERROR com.dukascopy.api.instrument.InstrumentParser - Received pip value is different than embedded for instrument [USD/CZK]
2017-12-17 09:39:31 ERROR com.dukascopy.dds2.greed.market.LiveCurrencyMarketProcessor - Cannot create the LiveCurrencyMarketProcessor, the properties is null.
2017-12-17 09:40:35 ERROR com.dukascopy.api.instrument.InstrumentParser - Received pip value is different than embedded for instrument [USD/CZK]
2017-12-17 09:40:37 ERROR com.dukascopy.dds2.greed.market.LiveCurrencyMarketProcessor - Cannot create the LiveCurrencyMarketProcessor, the properties is null.
2017-12-17 09:42:45 ERROR com.dukascopy.api.instrument.InstrumentParser - Received pip value is different than embedded for instrument [USD/CZK]
2017-12-17 09:42:48 ERROR com.dukascopy.dds2.greed.market.LiveCurrencyMarketProcessor - Cannot create the LiveCurrencyMarketProcessor, the properties is null.
2017-12-17 09:46:07 ERROR com.dukascopy.api.instrument.InstrumentParser - Received pip value is different than embedded for instrument [USD/CZK]
2017-12-17 09:46:09 ERROR com.dukascopy.dds2.greed.market.LiveCurrencyMarketProcessor - Cannot create the LiveCurrencyMarketProcessor, the properties is null.
2017-12-17 09:48:09 ERROR com.dukascopy.api.instrument.InstrumentParser - Received pip value is different than embedded for instrument [USD/CZK]
2017-12-17 09:48:12 ERROR com.dukascopy.dds2.greed.market.LiveCurrencyMarketProcessor - Cannot create the LiveCurrencyMarketProcessor, the properties is null.
2017-12-17 11:51:00 ERROR com.dukascopy.api.instrument.InstrumentParser - Received pip value is different than embedded for instrument [USD/CZK]
2017-12-17 11:51:02 ERROR com.dukascopy.dds2.greed.market.LiveCurrencyMarketProcessor - Cannot create the LiveCurrencyMarketProcessor, the properties is null.
2017-12-17 11:51:57 ERROR com.dukascopy.api.instrument.InstrumentParser - Received pip value is different than embedded for instrument [USD/CZK]
2017-12-17 11:51:59 ERROR com.dukascopy.dds2.greed.market.LiveCurrencyMarketProcessor - Cannot create the LiveCurrencyMarketProcessor, the properties is null.
2017-12-17 11:57:12 ERROR com.dukascopy.api.instrument.InstrumentParser - Received pip value is different than embedded for instrument [USD/CZK]
2017-12-17 11:57:14 ERROR com.dukascopy.dds2.greed.market.LiveCurrencyMarketProcessor - Cannot create the LiveCurrencyMarketProcessor, the properties is null.
2017-12-17 11:57:40 ERROR com.dukascopy.api.instrument.InstrumentParser - Received pip value is different than embedded for instrument [USD/CZK]
2017-12-17 11:57:42 ERROR com.dukascopy.dds2.greed.market.LiveCurrencyMarketProcessor - Cannot create the LiveCurrencyMarketProcessor, the properties is null.
2017-12-17 11:58:21 ERROR com.dukascopy.api.instrument.InstrumentParser - Received pip value is different than embedded for instrument [USD/CZK]
2017-12-17 11:58:23 ERROR com.dukascopy.dds2.greed.market.LiveCurrencyMarketProcessor - Cannot create the LiveCurrencyMarketProcessor, the properties is null.
2017-12-17 12:00:03 ERROR com.dukascopy.api.instrument.InstrumentParser - Received pip value is different than embedded for instrument [USD/CZK]
2017-12-17 12:00:06 ERROR com.dukascopy.dds2.greed.market.LiveCurrencyMarketProcessor - Cannot create the LiveCurrencyMarketProcessor, the properties is null.
2017-12-17 12:02:45 ERROR com.dukascopy.api.instrument.InstrumentParser - Received pip value is different than embedded for instrument [USD/CZK]
2017-12-17 12:02:47 ERROR com.dukascopy.dds2.greed.market.LiveCurrencyMarketProcessor - Cannot create the LiveCurrencyMarketProcessor, the properties is null.
2017-12-17 12:04:47 ERROR com.dukascopy.api.instrument.InstrumentParser - Received pip value is different than embedded for instrument [USD/CZK]
2017-12-17 12:04:50 ERROR com.dukascopy.dds2.greed.market.LiveCurrencyMarketProcessor - Cannot create the LiveCurrencyMarketProcessor, the properties is null.
2017-12-17 12:04:53 ERROR com.qtfx.lib.mkt.servers.dukascopy.DkHistoryManager - Catching
com.dukascopy.api.JFException: Number of bars to load = 0 or time is not correct time for the period specified
	at com.dukascopy.api.impl.History.getBars(History.java:897) ~[greed-common-318.4.30.jar:318.4.30]
	at com.qtfx.lib.mkt.servers.dukascopy.DkHistoryManager.getDataList(DkHistoryManager.java:112) [classes/:?]
	at com.qtfx.lib.mkt.servers.dukascopy.DkDataIterator.requestData(DkDataIterator.java:99) [classes/:?]
	at com.qtfx.lib.mkt.servers.dukascopy.DkDataIterator.hasNext(DkDataIterator.java:133) [classes/:?]
	at com.qtfx.mkt.TestDukascopy.Test(TestDukascopy.java:104) [test-classes/:?]
	at com.qtfx.mkt.TestDukascopy.main(TestDukascopy.java:69) [test-classes/:?]
2017-12-17 12:14:17 ERROR com.dukascopy.api.instrument.InstrumentParser - Received pip value is different than embedded for instrument [USD/CZK]
2017-12-17 12:14:19 ERROR com.dukascopy.dds2.greed.market.LiveCurrencyMarketProcessor - Cannot create the LiveCurrencyMarketProcessor, the properties is null.
2017-12-17 12:14:27 ERROR com.qtfx.lib.mkt.servers.dukascopy.DkHistoryManager - Catching
com.dukascopy.api.JFException: "to" parameter can't be greater than time of the last formed bar for this instrument. Requested time [2017-12-14 09:00:00:000/1513242000000], last formed bar time [2017-12-17 11:00:00:000/1513508400000], "to" parameter [2017-12-18 12:00:00:000/1513598400000].
	at com.dukascopy.api.impl.History.getBars(History.java:908) ~[greed-common-318.4.30.jar:318.4.30]
	at com.qtfx.lib.mkt.servers.dukascopy.DkHistoryManager.getDataList(DkHistoryManager.java:112) [classes/:?]
	at com.qtfx.lib.mkt.servers.dukascopy.DkDataIterator.requestData(DkDataIterator.java:103) [classes/:?]
	at com.qtfx.lib.mkt.servers.dukascopy.DkDataIterator.hasNext(DkDataIterator.java:129) [classes/:?]
	at com.qtfx.mkt.TestDukascopy.Test(TestDukascopy.java:104) [test-classes/:?]
	at com.qtfx.mkt.TestDukascopy.main(TestDukascopy.java:69) [test-classes/:?]
2017-12-17 15:54:07 ERROR com.dukascopy.api.instrument.InstrumentParser - Received pip value is different than embedded for instrument [USD/CZK]
2017-12-17 15:54:09 ERROR com.dukascopy.dds2.greed.market.LiveCurrencyMarketProcessor - Cannot create the LiveCurrencyMarketProcessor, the properties is null.
2017-12-17 15:55:03 ERROR com.dukascopy.api.instrument.InstrumentParser - Received pip value is different than embedded for instrument [USD/CZK]
2017-12-17 15:55:05 ERROR com.dukascopy.dds2.greed.market.LiveCurrencyMarketProcessor - Cannot create the LiveCurrencyMarketProcessor, the properties is null.
2017-12-17 15:57:26 ERROR com.dukascopy.api.instrument.InstrumentParser - Received pip value is different than embedded for instrument [USD/CZK]
2017-12-17 15:57:28 ERROR com.dukascopy.dds2.greed.market.LiveCurrencyMarketProcessor - Cannot create the LiveCurrencyMarketProcessor, the properties is null.
2017-12-17 15:58:19 ERROR com.dukascopy.api.instrument.InstrumentParser - Received pip value is different than embedded for instrument [USD/CZK]
2017-12-17 15:58:21 ERROR com.dukascopy.dds2.greed.market.LiveCurrencyMarketProcessor - Cannot create the LiveCurrencyMarketProcessor, the properties is null.
2017-12-17 16:00:46 ERROR com.dukascopy.api.instrument.InstrumentParser - Received pip value is different than embedded for instrument [USD/CZK]
2017-12-17 16:00:58 ERROR com.qtfx.lib.mkt.servers.dukascopy.DkConnectionManager - Failed to connect Dukascopy servers
2017-12-17 16:01:25 ERROR com.dukascopy.api.instrument.InstrumentParser - Received pip value is different than embedded for instrument [USD/CZK]
2017-12-17 16:01:27 ERROR com.dukascopy.dds2.greed.market.LiveCurrencyMarketProcessor - Cannot create the LiveCurrencyMarketProcessor, the properties is null.
2017-12-17 16:03:56 ERROR com.dukascopy.api.instrument.InstrumentParser - Received pip value is different than embedded for instrument [USD/CZK]
2017-12-17 16:03:58 ERROR com.dukascopy.dds2.greed.market.LiveCurrencyMarketProcessor - Cannot create the LiveCurrencyMarketProcessor, the properties is null.
2017-12-17 16:07:30 ERROR com.dukascopy.api.instrument.InstrumentParser - Received pip value is different than embedded for instrument [USD/CZK]
2017-12-17 16:07:32 ERROR com.dukascopy.dds2.greed.market.LiveCurrencyMarketProcessor - Cannot create the LiveCurrencyMarketProcessor, the properties is null.
2017-12-17 16:10:15 ERROR com.dukascopy.api.instrument.InstrumentParser - Received pip value is different than embedded for instrument [USD/CZK]
2017-12-17 16:10:17 ERROR com.dukascopy.dds2.greed.market.LiveCurrencyMarketProcessor - Cannot create the LiveCurrencyMarketProcessor, the properties is null.
2017-12-17 16:11:26 ERROR com.dukascopy.api.instrument.InstrumentParser - Received pip value is different than embedded for instrument [USD/CZK]
2017-12-17 16:11:29 ERROR com.dukascopy.dds2.greed.market.LiveCurrencyMarketProcessor - Cannot create the LiveCurrencyMarketProcessor, the properties is null.
2017-12-17 16:14:31 ERROR com.dukascopy.api.instrument.InstrumentParser - Received pip value is different than embedded for instrument [USD/CZK]
2017-12-17 16:14:33 ERROR com.dukascopy.dds2.greed.market.LiveCurrencyMarketProcessor - Cannot create the LiveCurrencyMarketProcessor, the properties is null.
2017-12-17 16:16:44 ERROR com.dukascopy.api.instrument.InstrumentParser - Received pip value is different than embedded for instrument [USD/CZK]
2017-12-17 16:16:47 ERROR com.dukascopy.dds2.greed.market.LiveCurrencyMarketProcessor - Cannot create the LiveCurrencyMarketProcessor, the properties is null.
2017-12-17 16:17:46 ERROR com.dukascopy.api.instrument.InstrumentParser - Received pip value is different than embedded for instrument [USD/CZK]
2017-12-17 16:17:49 ERROR com.dukascopy.dds2.greed.market.LiveCurrencyMarketProcessor - Cannot create the LiveCurrencyMarketProcessor, the properties is null.
2017-12-17 16:21:45 ERROR com.dukascopy.api.instrument.InstrumentParser - Received pip value is different than embedded for instrument [USD/CZK]
2017-12-17 16:21:48 ERROR com.dukascopy.dds2.greed.market.LiveCurrencyMarketProcessor - Cannot create the LiveCurrencyMarketProcessor, the properties is null.
2017-12-17 16:23:18 ERROR com.dukascopy.api.instrument.InstrumentParser - Received pip value is different than embedded for instrument [USD/CZK]
2017-12-17 16:23:20 ERROR com.dukascopy.dds2.greed.market.LiveCurrencyMarketProcessor - Cannot create the LiveCurrencyMarketProcessor, the properties is null.
2017-12-17 16:24:47 ERROR com.dukascopy.api.instrument.InstrumentParser - Received pip value is different than embedded for instrument [USD/CZK]
2017-12-17 16:24:49 ERROR com.dukascopy.dds2.greed.market.LiveCurrencyMarketProcessor - Cannot create the LiveCurrencyMarketProcessor, the properties is null.
2017-12-17 16:29:39 ERROR com.dukascopy.api.instrument.InstrumentParser - Received pip value is different than embedded for instrument [USD/CZK]
2017-12-17 16:29:41 ERROR com.dukascopy.dds2.greed.market.LiveCurrencyMarketProcessor - Cannot create the LiveCurrencyMarketProcessor, the properties is null.
2017-12-17 16:30:36 ERROR com.dukascopy.api.instrument.InstrumentParser - Received pip value is different than embedded for instrument [USD/CZK]
2017-12-17 16:30:38 ERROR com.dukascopy.dds2.greed.market.LiveCurrencyMarketProcessor - Cannot create the LiveCurrencyMarketProcessor, the properties is null.
